#-----------------------------------------------------------
# Vivado v2018.3 (64-bit)
# SW Build 2405991 on Thu Dec  6 23:38:27 MST 2018
# IP Build 2404404 on Fri Dec  7 01:43:56 MST 2018
# Start of session at: Thu Jun  9 21:02:14 2022
# Process ID: 12488
# Current directory: D:/Codefield/vivado/shuzixitong
# Command line: vivado.exe -gui_launcher_event rodinguilauncherevent9432 D:\Codefield\vivado\shuzixitong\shuzixitong.xpr
# Log file: D:/Codefield/vivado/shuzixitong/vivado.log
# Journal file: D:/Codefield/vivado/shuzixitong\vivado.jou
#-----------------------------------------------------------
start_gui
open_project D:/Codefield/vivado/shuzixitong/shuzixitong.xpr
INFO: [Project 1-313] Project file moved from 'D:/Codefield/vivado' since last save.
Scanning sources...
Finished scanning sources
INFO: [IP_Flow 19-234] Refreshing IP repositories
INFO: [IP_Flow 19-1704] No user IP repositories specified
INFO: [IP_Flow 19-2313] Loaded Vivado IP repository 'E:/Xilinx/Vivado/2018.3/data/ip'.
open_project: Time (s): cpu = 00:00:34 ; elapsed = 00:00:11 . Memory (MB): peak = 765.090 ; gain = 105.004
update_compile_order -fileset sources_1
exit
INFO: [Common 17-206] Exiting Vivado at Thu Jun  9 21:02:39 2022...
